Cog2000 log file Wed Aug 05 15:59:18 2015
gprim v1.32 Compiled:Feb  5 2013 (GLib DirectDraw v7 DX10.0 Compiled:Feb  5 2013)
Display:1024x768x32 60.06Hz
CogInput v1.05 Compiled: May 20 2010
0	[0]	:	COGENT START
30	[30]	:	Loading image 1/100
207	[177]	:	Loading image 2/100
357	[150]	:	Loading image 3/100
507	[150]	:	Loading image 4/100
656	[149]	:	Loading image 5/100
807	[151]	:	Loading image 6/100
956	[149]	:	Loading image 7/100
1090	[134]	:	Loading image 8/100
1223	[133]	:	Loading image 9/100
1372	[149]	:	Loading image 10/100
1506	[134]	:	Loading image 11/100
1672	[166]	:	Loading image 12/100
1822	[150]	:	Loading image 13/100
1988	[166]	:	Loading image 14/100
2122	[134]	:	Loading image 15/100
2288	[166]	:	Loading image 16/100
2455	[167]	:	Loading image 17/100
2605	[150]	:	Loading image 18/100
2738	[133]	:	Loading image 19/100
2921	[183]	:	Loading image 20/100
3087	[166]	:	Loading image 21/100
3237	[150]	:	Loading image 22/100
3387	[150]	:	Loading image 23/100
3537	[150]	:	Loading image 24/100
3687	[150]	:	Loading image 25/100
3836	[149]	:	Loading image 26/100
3986	[150]	:	Loading image 27/100
4136	[150]	:	Loading image 28/100
4303	[167]	:	Loading image 29/100
4453	[150]	:	Loading image 30/100
4603	[150]	:	Loading image 31/100
4752	[149]	:	Loading image 32/100
4902	[150]	:	Loading image 33/100
5052	[150]	:	Loading image 34/100
5202	[150]	:	Loading image 35/100
5351	[149]	:	Loading image 36/100
5502	[151]	:	Loading image 37/100
5651	[149]	:	Loading image 38/100
5801	[150]	:	Loading image 39/100
5951	[150]	:	Loading image 40/100
6101	[150]	:	Loading image 41/100
6269	[168]	:	Loading image 42/100
6435	[166]	:	Loading image 43/100
6601	[166]	:	Loading image 44/100
6751	[150]	:	Loading image 45/100
6918	[167]	:	Loading image 46/100
7067	[149]	:	Loading image 47/100
7217	[150]	:	Loading image 48/100
7367	[150]	:	Loading image 49/100
7517	[150]	:	Loading image 50/100
7667	[150]	:	Loading image 51/100
7816	[149]	:	Loading image 52/100
7983	[167]	:	Loading image 53/100
8132	[149]	:	Loading image 54/100
8300	[168]	:	Loading image 55/100
8449	[149]	:	Loading image 56/100
8616	[167]	:	Loading image 57/100
8766	[150]	:	Loading image 58/100
8915	[149]	:	Loading image 59/100
9065	[150]	:	Loading image 60/100
9215	[150]	:	Loading image 61/100
9365	[150]	:	Loading image 62/100
9515	[150]	:	Loading image 63/100
9664	[149]	:	Loading image 64/100
9814	[150]	:	Loading image 65/100
9964	[150]	:	Loading image 66/100
10114	[150]	:	Loading image 67/100
10264	[150]	:	Loading image 68/100
10414	[150]	:	Loading image 69/100
10564	[150]	:	Loading image 70/100
10730	[166]	:	Loading image 71/100
10897	[167]	:	Loading image 72/100
11046	[149]	:	Loading image 73/100
11196	[150]	:	Loading image 74/100
11346	[150]	:	Loading image 75/100
11496	[150]	:	Loading image 76/100
11646	[150]	:	Loading image 77/100
11795	[149]	:	Loading image 78/100
11962	[167]	:	Loading image 79/100
12112	[150]	:	Loading image 80/100
12262	[150]	:	Loading image 81/100
12445	[183]	:	Loading image 82/100
12628	[183]	:	Loading image 83/100
12795	[167]	:	Loading image 84/100
12961	[166]	:	Loading image 85/100
13111	[150]	:	Loading image 86/100
13260	[149]	:	Loading image 87/100
13410	[150]	:	Loading image 88/100
13560	[150]	:	Loading image 89/100
13710	[150]	:	Loading image 90/100
13860	[150]	:	Loading image 91/100
14010	[150]	:	Loading image 92/100
14193	[183]	:	Loading image 93/100
14376	[183]	:	Loading image 94/100
14543	[167]	:	Loading image 95/100
14709	[166]	:	Loading image 96/100
14876	[167]	:	Loading image 97/100
15025	[149]	:	Loading image 98/100
15175	[150]	:	Loading image 99/100
15341	[166]	:	Loading image 100/100
22597	[7256]	:	Key	71	DOWN	at	22597   
22700	[103]	:	Key	71	UP	at	22677   
22701	[1]	:	Landolt C: 9: S. Standard lowc checkboard background
22817	[116]	:	Landolt C: 7: R. Standard lowc checkboard background
23516	[699]	:	Landolt C: 9: S. Standard lowc checkboard background
24333	[817]	:	Landolt C: 5: L. Standard lowc checkboard background
25149	[816]	:	Landolt C: 9: S. Standard lowc checkboard background
25965	[816]	:	Landolt C: 7: R. Standard lowc checkboard background
26780	[815]	:	Landolt C: 9: S. Standard lowc checkboard background
27596	[816]	:	Key	98	DOWN	at	27045   
27600	[4]	:	Key	98	UP	at	27110   
27601	[1]	:	Landolt C: 7: R. Standard lowc checkboard background
28412	[811]	:	Key	98	DOWN	at	28069   
28412	[0]	:	Key	98	UP	at	28169   
28413	[1]	:	Landolt C: 9: S. Standard lowc checkboard background
29228	[815]	:	Landolt C: 7: R. Standard lowc checkboard background
29927	[699]	:	Key	98	DOWN	at	29609   
29928	[1]	:	Key	98	UP	at	29719   
29928	[0]	:	Landolt C: 9: S. Standard lowc checkboard background
30743	[815]	:	Landolt C: 5: L. Standard lowc checkboard background
31558	[815]	:	Key	97	DOWN	at	31145   
31559	[1]	:	Key	97	UP	at	31240   
31559	[0]	:	Landolt C: 9: S. Standard lowc checkboard background
32357	[798]	:	Landolt C: 5: L. Standard lowc checkboard background
33173	[816]	:	Key	97	DOWN	at	32775   
33174	[1]	:	Key	97	UP	at	32870   
33174	[0]	:	Key	98	DOWN	at	33015   
33175	[1]	:	Key	98	UP	at	33145   
33175	[0]	:	Key	97	DOWN	at	33160   
33176	[1]	:	Landolt C: 9: S. Standard lowc checkboard background
33989	[813]	:	Key	97	UP	at	33255   
33990	[1]	:	Key	98	DOWN	at	33255   
33990	[0]	:	Key	97	DOWN	at	33365   
33990	[0]	:	Key	98	UP	at	33380   
33991	[1]	:	Key	97	UP	at	33415   
33991	[0]	:	Key	98	DOWN	at	33605   
33992	[1]	:	Key	98	UP	at	33720   
33992	[0]	:	Landolt C: 5: L. Standard lowc checkboard background
34805	[813]	:	Key	97	DOWN	at	34358   
34806	[1]	:	Key	97	UP	at	34438   
34807	[1]	:	Landolt C: 9: S. Standard lowc checkboard background
35621	[814]	:	Landolt C: 5: L. Standard lowc checkboard background
36320	[699]	:	Key	97	DOWN	at	36056   
36320	[0]	:	Key	97	UP	at	36136   
36321	[1]	:	Key	97	DOWN	at	36311   
36321	[0]	:	Landolt C: 9: S. Standard lowc checkboard background
37136	[815]	:	Key	97	UP	at	36375   
37137	[1]	:	Landolt C: 7: R. Standard lowc checkboard background
37602	[465]	:	Preparing image number : 001
37719	[117]	:	Key	98	DOWN	at	37525   
37719	[0]	:	Key	98	UP	at	37623   
37721	[2]	:	Key	98	DOWN	at	37668   
37722	[1]	:	Landolt C: 7: R. Image: 1
37951	[229]	:	Key	98	UP	at	37768   
37952	[1]	:	Key	98	DOWN	at	37863   
37952	[0]	:	Key	98	UP	at	37928   
37953	[1]	:	Landolt C: 9: S. Image: 1
38768	[815]	:	Key	98	DOWN	at	38053   
38768	[0]	:	Key	98	UP	at	38117   
38769	[1]	:	Landolt C: 7: R. Image: 1
39583	[814]	:	Key	98	DOWN	at	39119   
39584	[1]	:	Key	98	UP	at	39174   
39585	[1]	:	Landolt C: 9: S. Image: 1
40399	[814]	:	Landolt C: 5: L. Image: 1
40632	[233]	:	Preparing image number : 002
40749	[117]	:	Landolt C: 5: L. Image: 2
41216	[467]	:	Landolt C: 9: S. Image: 2
42032	[816]	:	Landolt C: 7: R. Image: 2
42731	[699]	:	Landolt C: 9: S. Image: 2
43547	[816]	:	Landolt C: 7: R. Image: 2
43663	[116]	:	Preparing image number : 003
43781	[118]	:	Landolt C: 7: R. Image: 3
44362	[581]	:	Landolt C: 9: S. Image: 3
45178	[816]	:	Landolt C: 5: L. Image: 3
45994	[816]	:	Landolt C: 9: S. Image: 3
46693	[699]	:	Preparing image number : 004
46810	[117]	:	Landolt C: 7: R. Image: 4
47626	[816]	:	Landolt C: 9: S. Image: 4
48325	[699]	:	Landolt C: 5: L. Image: 4
49141	[816]	:	Landolt C: 9: S. Image: 4
49606	[465]	:	Preparing image number : 005
49726	[120]	:	Landolt C: 9: S. Image: 5
49956	[230]	:	Landolt C: 7: R. Image: 5
50772	[816]	:	Landolt C: 9: S. Image: 5
51588	[816]	:	Landolt C: 7: R. Image: 5
52403	[815]	:	Landolt C: 9: S. Image: 5
52636	[233]	:	Preparing image number : 006
52754	[118]	:	Landolt C: 9: S. Image: 6
53219	[465]	:	Landolt C: 5: L. Image: 6
53918	[699]	:	Landolt C: 9: S. Image: 6
54735	[817]	:	Landolt C: 7: R. Image: 6
55550	[815]	:	Landolt C: 9: S. Image: 6
55666	[116]	:	Preparing image number : 007
55786	[120]	:	Landolt C: 9: S. Image: 7
56366	[580]	:	Landolt C: 7: R. Image: 7
57182	[816]	:	Landolt C: 9: S. Image: 7
57997	[815]	:	Landolt C: 7: R. Image: 7
58697	[700]	:	Preparing image number : 008
58815	[118]	:	Landolt C: 9: S. Image: 8
59630	[815]	:	Landolt C: 5: L. Image: 8
60329	[699]	:	Landolt C: 9: S. Image: 8
61145	[816]	:	Landolt C: 5: L. Image: 8
61611	[466]	:	Preparing image number : 009
61729	[118]	:	Landolt C: 5: L. Image: 9
61961	[232]	:	Landolt C: 9: S. Image: 9
62777	[816]	:	Landolt C: 5: L. Image: 9
63592	[815]	:	Landolt C: 9: S. Image: 9
64408	[816]	:	Landolt C: 7: R. Image: 9
64641	[233]	:	Preparing image number : 010
64757	[116]	:	Landolt C: 7: R. Image: 10
65208	[451]	:	Landolt C: 9: S. Image: 10
66006	[798]	:	Landolt C: 5: L. Image: 10
66822	[816]	:	Landolt C: 9: S. Image: 10
67521	[699]	:	Landolt C: 7: R. Image: 10
67638	[117]	:	Preparing image number : 011
67757	[119]	:	Landolt C: 7: R. Image: 11
68337	[580]	:	Landolt C: 9: S. Image: 11
69153	[816]	:	Landolt C: 5: L. Image: 11
69969	[816]	:	Landolt C: 9: S. Image: 11
70668	[699]	:	Preparing image number : 012
70785	[117]	:	Landolt C: 7: R. Image: 12
71600	[815]	:	Landolt C: 9: S. Image: 12
72416	[816]	:	Landolt C: 7: R. Image: 12
73232	[816]	:	Landolt C: 9: S. Image: 12
73698	[466]	:	Preparing image number : 013
73818	[120]	:	Landolt C: 9: S. Image: 13
73932	[114]	:	Landolt C: 5: L. Image: 13
74747	[815]	:	Landolt C: 9: S. Image: 13
75563	[816]	:	Landolt C: 5: L. Image: 13
76363	[800]	:	Landolt C: 9: S. Image: 13
76712	[349]	:	Preparing image number : 014
76830	[118]	:	Landolt C: 9: S. Image: 14
77178	[348]	:	Landolt C: 7: R. Image: 14
77994	[816]	:	Landolt C: 9: S. Image: 14
78810	[816]	:	Landolt C: 5: L. Image: 14
79626	[816]	:	Landolt C: 9: S. Image: 14
79627	[1]	:	Preparing image number : 015
79743	[116]	:	Landolt C: 9: S. Image: 15
80325	[582]	:	Landolt C: 7: R. Image: 15
81141	[816]	:	Landolt C: 9: S. Image: 15
81956	[815]	:	Landolt C: 5: L. Image: 15
82655	[699]	:	Preparing image number : 016
82777	[122]	:	Landolt C: 9: S. Image: 16
83588	[811]	:	Landolt C: 7: R. Image: 16
84404	[816]	:	Landolt C: 9: S. Image: 16
85220	[816]	:	Landolt C: 5: L. Image: 16
85686	[466]	:	Preparing image number : 017
85803	[117]	:	Landolt C: 5: L. Image: 17
85919	[116]	:	Landolt C: 9: S. Image: 17
86734	[815]	:	Landolt C: 5: L. Image: 17
87550	[816]	:	Landolt C: 9: S. Image: 17
88366	[816]	:	Landolt C: 5: L. Image: 17
88715	[349]	:	Preparing image number : 018
88832	[117]	:	Landolt C: 5: L. Image: 18
89182	[350]	:	Landolt C: 9: S. Image: 18
89998	[816]	:	Landolt C: 7: R. Image: 18
90814	[816]	:	Landolt C: 9: S. Image: 18
91629	[815]	:	Landolt C: 7: R. Image: 18
91630	[1]	:	Preparing image number : 019
91746	[116]	:	Landolt C: 7: R. Image: 19
92329	[583]	:	Landolt C: 9: S. Image: 19
93144	[815]	:	Landolt C: 5: L. Image: 19
93944	[800]	:	Landolt C: 9: S. Image: 19
94644	[700]	:	Preparing image number : 020
94760	[116]	:	Landolt C: 5: L. Image: 20
95576	[816]	:	Landolt C: 9: S. Image: 20
96392	[816]	:	Landolt C: 7: R. Image: 20
97208	[816]	:	Landolt C: 9: S. Image: 20
97673	[465]	:	Preparing image number : 021
97790	[117]	:	Landolt C: 9: S. Image: 21
98024	[234]	:	Landolt C: 5: L. Image: 21
98722	[698]	:	Landolt C: 9: S. Image: 21
99538	[816]	:	Landolt C: 5: L. Image: 21
100354	[816]	:	Landolt C: 9: S. Image: 21
100703	[349]	:	Preparing image number : 022
100823	[120]	:	Landolt C: 9: S. Image: 22
101170	[347]	:	Landolt C: 7: R. Image: 22
101986	[816]	:	Landolt C: 9: S. Image: 22
102801	[815]	:	Landolt C: 5: L. Image: 22
103617	[816]	:	Landolt C: 9: S. Image: 22
103618	[1]	:	Preparing image number : 023
103736	[118]	:	Landolt C: 9: S. Image: 23
104316	[580]	:	Landolt C: 5: L. Image: 23
105133	[817]	:	Landolt C: 9: S. Image: 23
105948	[815]	:	Landolt C: 5: L. Image: 23
106647	[699]	:	Preparing image number : 024
106764	[117]	:	Landolt C: 9: S. Image: 24
107579	[815]	:	Landolt C: 7: R. Image: 24
108396	[817]	:	Landolt C: 9: S. Image: 24
109211	[815]	:	Landolt C: 7: R. Image: 24
109677	[466]	:	Preparing image number : 025
109794	[117]	:	Landolt C: 7: R. Image: 25
110027	[233]	:	Landolt C: 9: S. Image: 25
110727	[700]	:	Landolt C: 5: L. Image: 25
111543	[816]	:	Landolt C: 9: S. Image: 25
112358	[815]	:	Landolt C: 5: L. Image: 25
112708	[350]	:	Preparing image number : 026
112825	[117]	:	Landolt C: 5: L. Image: 26
113175	[350]	:	Landolt C: 9: S. Image: 26
113991	[816]	:	Landolt C: 7: R. Image: 26
114806	[815]	:	Landolt C: 9: S. Image: 26
115622	[816]	:	Landolt C: 7: R. Image: 26
115622	[0]	:	Preparing image number : 027
115738	[116]	:	Landolt C: 7: R. Image: 27
116321	[583]	:	Landolt C: 9: S. Image: 27
117137	[816]	:	Landolt C: 7: R. Image: 27
117953	[816]	:	Landolt C: 9: S. Image: 27
118652	[699]	:	Preparing image number : 028
118771	[119]	:	Landolt C: 7: R. Image: 28
119584	[813]	:	Landolt C: 9: S. Image: 28
120400	[816]	:	Landolt C: 7: R. Image: 28
121215	[815]	:	Landolt C: 9: S. Image: 28
121681	[466]	:	Preparing image number : 029
121801	[120]	:	Landolt C: 9: S. Image: 29
121915	[114]	:	Landolt C: 7: R. Image: 29
122730	[815]	:	Landolt C: 9: S. Image: 29
123547	[817]	:	Landolt C: 7: R. Image: 29
124362	[815]	:	Landolt C: 9: S. Image: 29
124712	[350]	:	Preparing image number : 030
124828	[116]	:	Landolt C: 9: S. Image: 30
125178	[350]	:	Landolt C: 7: R. Image: 30
125994	[816]	:	Landolt C: 9: S. Image: 30
126810	[816]	:	Landolt C: 7: R. Image: 30
127625	[815]	:	Landolt C: 9: S. Image: 30
127626	[1]	:	Preparing image number : 031
127742	[116]	:	Landolt C: 9: S. Image: 31
128324	[582]	:	Landolt C: 5: L. Image: 31
129140	[816]	:	Landolt C: 9: S. Image: 31
129957	[817]	:	Landolt C: 7: R. Image: 31
130656	[699]	:	Preparing image number : 032
130773	[117]	:	Landolt C: 9: S. Image: 32
131589	[816]	:	Landolt C: 7: R. Image: 32
132404	[815]	:	Landolt C: 9: S. Image: 32
133220	[816]	:	Landolt C: 7: R. Image: 32
133686	[466]	:	Preparing image number : 033
133803	[117]	:	Landolt C: 7: R. Image: 33
133919	[116]	:	Landolt C: 9: S. Image: 33
134736	[817]	:	Landolt C: 5: L. Image: 33
135551	[815]	:	Landolt C: 9: S. Image: 33
136367	[816]	:	Landolt C: 7: R. Image: 33
136716	[349]	:	Preparing image number : 034
136833	[117]	:	Landolt C: 7: R. Image: 34
137183	[350]	:	Landolt C: 9: S. Image: 34
137998	[815]	:	Landolt C: 7: R. Image: 34
138814	[816]	:	Landolt C: 9: S. Image: 34
139630	[816]	:	Landolt C: 7: R. Image: 34
139630	[0]	:	Preparing image number : 035
139746	[116]	:	Landolt C: 7: R. Image: 35
140329	[583]	:	Landolt C: 9: S. Image: 35
141145	[816]	:	Landolt C: 7: R. Image: 35
141961	[816]	:	Landolt C: 9: S. Image: 35
142660	[699]	:	Preparing image number : 036
142778	[118]	:	Landolt C: 5: L. Image: 36
143592	[814]	:	Landolt C: 9: S. Image: 36
144408	[816]	:	Landolt C: 7: R. Image: 36
145224	[816]	:	Landolt C: 9: S. Image: 36
145690	[466]	:	Preparing image number : 037
145806	[116]	:	Landolt C: 9: S. Image: 37
145925	[119]	:	Landolt C: 7: R. Image: 37
146740	[815]	:	Landolt C: 9: S. Image: 37
147555	[815]	:	Landolt C: 5: L. Image: 37
148372	[817]	:	Landolt C: 9: S. Image: 37
148604	[232]	:	Preparing image number : 038
148723	[119]	:	Landolt C: 9: S. Image: 38
149187	[464]	:	Landolt C: 7: R. Image: 38
150003	[816]	:	Landolt C: 9: S. Image: 38
150819	[816]	:	Landolt C: 5: L. Image: 38
151518	[699]	:	Landolt C: 9: S. Image: 38
151634	[116]	:	Preparing image number : 039
151751	[117]	:	Landolt C: 9: S. Image: 39
152334	[583]	:	Landolt C: 7: R. Image: 39
153149	[815]	:	Landolt C: 9: S. Image: 39
153965	[816]	:	Landolt C: 5: L. Image: 39
154664	[699]	:	Preparing image number : 040
154782	[118]	:	Landolt C: 9: S. Image: 40
155597	[815]	:	Landolt C: 7: R. Image: 40
156413	[816]	:	Landolt C: 9: S. Image: 40
157228	[815]	:	Landolt C: 7: R. Image: 40
157694	[466]	:	Preparing image number : 041
157811	[117]	:	Landolt C: 7: R. Image: 41
157930	[119]	:	Landolt C: 9: S. Image: 41
158743	[813]	:	Landolt C: 7: R. Image: 41
159559	[816]	:	Landolt C: 9: S. Image: 41
160375	[816]	:	Landolt C: 5: L. Image: 41
160608	[233]	:	Preparing image number : 042
160728	[120]	:	Landolt C: 5: L. Image: 42
161191	[463]	:	Landolt C: 9: S. Image: 42
162006	[815]	:	Landolt C: 7: R. Image: 42
162822	[816]	:	Landolt C: 9: S. Image: 42
163506	[684]	:	Landolt C: 5: L. Image: 42
163622	[116]	:	Preparing image number : 043
163739	[117]	:	Landolt C: 5: L. Image: 43
164321	[582]	:	Landolt C: 9: S. Image: 43
165137	[816]	:	Landolt C: 7: R. Image: 43
165953	[816]	:	Landolt C: 9: S. Image: 43
166652	[699]	:	Preparing image number : 044
166772	[120]	:	Landolt C: 5: L. Image: 44
167585	[813]	:	Landolt C: 9: S. Image: 44
168400	[815]	:	Landolt C: 7: R. Image: 44
169217	[817]	:	Landolt C: 9: S. Image: 44
169682	[465]	:	Preparing image number : 045
169799	[117]	:	Landolt C: 9: S. Image: 45
169915	[116]	:	Landolt C: 5: L. Image: 45
170731	[816]	:	Landolt C: 9: S. Image: 45
171547	[816]	:	Landolt C: 7: R. Image: 45
172363	[816]	:	Landolt C: 9: S. Image: 45
172712	[349]	:	Preparing image number : 046
172831	[119]	:	Landolt C: 9: S. Image: 46
173178	[347]	:	Landolt C: 5: L. Image: 46
173994	[816]	:	Landolt C: 9: S. Image: 46
174810	[816]	:	Landolt C: 7: R. Image: 46
175626	[816]	:	Landolt C: 9: S. Image: 46
175632	[6]	:	Preparing image number : 047
175744	[112]	:	Landolt C: 9: S. Image: 47
176325	[581]	:	Landolt C: 7: R. Image: 47
177141	[816]	:	Landolt C: 9: S. Image: 47
177957	[816]	:	Landolt C: 7: R. Image: 47
178656	[699]	:	Preparing image number : 048
178772	[116]	:	Landolt C: 9: S. Image: 48
179589	[817]	:	Landolt C: 5: L. Image: 48
180404	[815]	:	Landolt C: 9: S. Image: 48
181221	[817]	:	Landolt C: 7: R. Image: 48
181687	[466]	:	Preparing image number : 049
181805	[118]	:	Landolt C: 7: R. Image: 49
181920	[115]	:	Landolt C: 9: S. Image: 49
182736	[816]	:	Landolt C: 5: L. Image: 49
183551	[815]	:	Landolt C: 9: S. Image: 49
184367	[816]	:	Landolt C: 7: R. Image: 49
184716	[349]	:	Preparing image number : 050
184833	[117]	:	Landolt C: 7: R. Image: 50
185183	[350]	:	Landolt C: 9: S. Image: 50
185999	[816]	:	Landolt C: 7: R. Image: 50
186815	[816]	:	Landolt C: 9: S. Image: 50
187630	[815]	:	Landolt C: 7: R. Image: 50
187631	[1]	:	Preparing image number : 051
187747	[116]	:	Landolt C: 7: R. Image: 51
188329	[582]	:	Landolt C: 9: S. Image: 51
189162	[833]	:	Landolt C: 5: L. Image: 51
189978	[816]	:	Landolt C: 9: S. Image: 51
190677	[699]	:	Preparing image number : 052
190793	[116]	:	Landolt C: 7: R. Image: 52
191609	[816]	:	Landolt C: 9: S. Image: 52
192425	[816]	:	Landolt C: 7: R. Image: 52
193124	[699]	:	Landolt C: 9: S. Image: 52
193707	[583]	:	Preparing image number : 053
193824	[117]	:	Landolt C: 9: S. Image: 53
193940	[116]	:	Landolt C: 7: R. Image: 53
194756	[816]	:	Landolt C: 9: S. Image: 53
195572	[816]	:	Landolt C: 7: R. Image: 53
196388	[816]	:	Landolt C: 9: S. Image: 53
196620	[232]	:	Preparing image number : 054
196738	[118]	:	Landolt C: 9: S. Image: 54
197203	[465]	:	Landolt C: 7: R. Image: 54
198019	[816]	:	Landolt C: 9: S. Image: 54
198820	[801]	:	Landolt C: 7: R. Image: 54
199518	[698]	:	Landolt C: 9: S. Image: 54
199635	[117]	:	Preparing image number : 055
199752	[117]	:	Landolt C: 9: S. Image: 55
200334	[582]	:	Landolt C: 5: L. Image: 55
201150	[816]	:	Landolt C: 9: S. Image: 55
201966	[816]	:	Landolt C: 7: R. Image: 55
202665	[699]	:	Preparing image number : 056
202782	[117]	:	Landolt C: 9: S. Image: 56
203614	[832]	:	Landolt C: 7: R. Image: 56
204430	[816]	:	Landolt C: 9: S. Image: 56
205129	[699]	:	Landolt C: 7: R. Image: 56
205711	[582]	:	Preparing image number : 057
205828	[117]	:	Landolt C: 7: R. Image: 57
205945	[117]	:	Landolt C: 9: S. Image: 57
206761	[816]	:	Landolt C: 7: R. Image: 57
207576	[815]	:	Landolt C: 9: S. Image: 57
208392	[816]	:	Landolt C: 7: R. Image: 57
208625	[233]	:	Preparing image number : 058
208742	[117]	:	Landolt C: 7: R. Image: 58
209208	[466]	:	Landolt C: 9: S. Image: 58
210023	[815]	:	Landolt C: 7: R. Image: 58
210723	[700]	:	Landolt C: 9: S. Image: 58
211539	[816]	:	Landolt C: 5: L. Image: 58
211655	[116]	:	Preparing image number : 059
211772	[117]	:	Landolt C: 5: L. Image: 59
212354	[582]	:	Landolt C: 9: S. Image: 59
213170	[816]	:	Landolt C: 7: R. Image: 59
213986	[816]	:	Landolt C: 9: S. Image: 59
214685	[699]	:	Preparing image number : 060
214804	[119]	:	Landolt C: 7: R. Image: 60
215617	[813]	:	Landolt C: 9: S. Image: 60
216418	[801]	:	Landolt C: 7: R. Image: 60
217117	[699]	:	Landolt C: 9: S. Image: 60
217699	[582]	:	Preparing image number : 061
217818	[119]	:	Landolt C: 9: S. Image: 61
217935	[117]	:	Landolt C: 5: L. Image: 61
218748	[813]	:	Landolt C: 9: S. Image: 61
219564	[816]	:	Landolt C: 7: R. Image: 61
220380	[816]	:	Landolt C: 9: S. Image: 61
220613	[233]	:	Preparing image number : 062
220732	[119]	:	Landolt C: 9: S. Image: 62
221196	[464]	:	Landolt C: 5: L. Image: 62
222012	[816]	:	Landolt C: 9: S. Image: 62
222827	[815]	:	Landolt C: 7: R. Image: 62
223526	[699]	:	Landolt C: 9: S. Image: 62
223643	[117]	:	Preparing image number : 063
223762	[119]	:	Landolt C: 9: S. Image: 63
224342	[580]	:	Landolt C: 7: R. Image: 63
225158	[816]	:	Landolt C: 9: S. Image: 63
225974	[816]	:	Landolt C: 7: R. Image: 63
226673	[699]	:	Preparing image number : 064
226790	[117]	:	Landolt C: 9: S. Image: 64
227605	[815]	:	Landolt C: 5: L. Image: 64
228421	[816]	:	Landolt C: 9: S. Image: 64
229120	[699]	:	Landolt C: 5: L. Image: 64
229703	[583]	:	Preparing image number : 065
229822	[119]	:	Landolt C: 5: L. Image: 65
229936	[114]	:	Landolt C: 9: S. Image: 65
230752	[816]	:	Landolt C: 5: L. Image: 65
231568	[816]	:	Landolt C: 9: S. Image: 65
232384	[816]	:	Landolt C: 7: R. Image: 65
232616	[232]	:	Preparing image number : 066
232736	[120]	:	Landolt C: 7: R. Image: 66
233199	[463]	:	Landolt C: 9: S. Image: 66
234016	[817]	:	Landolt C: 7: R. Image: 66
234832	[816]	:	Landolt C: 9: S. Image: 66
235531	[699]	:	Landolt C: 7: R. Image: 66
235648	[117]	:	Preparing image number : 067
235766	[118]	:	Landolt C: 7: R. Image: 67
236347	[581]	:	Landolt C: 9: S. Image: 67
237163	[816]	:	Landolt C: 7: R. Image: 67
237978	[815]	:	Landolt C: 9: S. Image: 67
238677	[699]	:	Preparing image number : 068
238794	[117]	:	Landolt C: 7: R. Image: 68
239610	[816]	:	Landolt C: 9: S. Image: 68
240426	[816]	:	Landolt C: 7: R. Image: 68
241125	[699]	:	Landolt C: 9: S. Image: 68
241708	[583]	:	Preparing image number : 069
241824	[116]	:	Landolt C: 9: S. Image: 69
241941	[117]	:	Landolt C: 7: R. Image: 69
242756	[815]	:	Landolt C: 9: S. Image: 69
243573	[817]	:	Landolt C: 5: L. Image: 69
244389	[816]	:	Landolt C: 9: S. Image: 69
244621	[232]	:	Preparing image number : 070
244741	[120]	:	Landolt C: 9: S. Image: 70
245204	[463]	:	Landolt C: 5: L. Image: 70
246019	[815]	:	Landolt C: 9: S. Image: 70
246719	[700]	:	Landolt C: 7: R. Image: 70
247534	[815]	:	Landolt C: 9: S. Image: 70
247651	[117]	:	Preparing image number : 071
247768	[117]	:	Landolt C: 9: S. Image: 71
248350	[582]	:	Landolt C: 5: L. Image: 71
249167	[817]	:	Landolt C: 9: S. Image: 71
249982	[815]	:	Landolt C: 5: L. Image: 71
250681	[699]	:	Preparing image number : 072
250798	[117]	:	Landolt C: 9: S. Image: 72
251615	[817]	:	Landolt C: 7: R. Image: 72
252430	[815]	:	Landolt C: 9: S. Image: 72
253129	[699]	:	Landolt C: 5: L. Image: 72
253712	[583]	:	Preparing image number : 073
253829	[117]	:	Landolt C: 5: L. Image: 73
253945	[116]	:	Landolt C: 9: S. Image: 73
254761	[816]	:	Landolt C: 7: R. Image: 73
255577	[816]	:	Landolt C: 9: S. Image: 73
256392	[815]	:	Landolt C: 5: L. Image: 73
256625	[233]	:	Preparing image number : 074
256742	[117]	:	Landolt C: 5: L. Image: 74
257208	[466]	:	Landolt C: 9: S. Image: 74
258007	[799]	:	Landolt C: 7: R. Image: 74
258822	[815]	:	Landolt C: 9: S. Image: 74
259522	[700]	:	Landolt C: 7: R. Image: 74
259639	[117]	:	Preparing image number : 075
259755	[116]	:	Landolt C: 7: R. Image: 75
260338	[583]	:	Landolt C: 9: S. Image: 75
261137	[799]	:	Landolt C: 7: R. Image: 75
261952	[815]	:	Landolt C: 9: S. Image: 75
262653	[701]	:	Preparing image number : 076
262769	[116]	:	Landolt C: 5: L. Image: 76
263585	[816]	:	Landolt C: 9: S. Image: 76
264400	[815]	:	Landolt C: 5: L. Image: 76
265216	[816]	:	Landolt C: 9: S. Image: 76
265683	[467]	:	Preparing image number : 077
265801	[118]	:	Landolt C: 9: S. Image: 77
265918	[117]	:	Landolt C: 7: R. Image: 77
266732	[814]	:	Landolt C: 9: S. Image: 77
267547	[815]	:	Landolt C: 5: L. Image: 77
268363	[816]	:	Landolt C: 9: S. Image: 77
268713	[350]	:	Preparing image number : 078
268830	[117]	:	Landolt C: 9: S. Image: 78
269179	[349]	:	Landolt C: 5: L. Image: 78
269996	[817]	:	Landolt C: 9: S. Image: 78
270812	[816]	:	Landolt C: 5: L. Image: 78
271627	[815]	:	Landolt C: 9: S. Image: 78
271627	[0]	:	Preparing image number : 079
271746	[119]	:	Landolt C: 9: S. Image: 79
272326	[580]	:	Landolt C: 5: L. Image: 79
273142	[816]	:	Landolt C: 9: S. Image: 79
273958	[816]	:	Landolt C: 7: R. Image: 79
274657	[699]	:	Preparing image number : 080
274773	[116]	:	Landolt C: 9: S. Image: 80
275589	[816]	:	Landolt C: 7: R. Image: 80
276406	[817]	:	Landolt C: 9: S. Image: 80
277221	[815]	:	Landolt C: 5: L. Image: 80
277687	[466]	:	Preparing image number : 081
277804	[117]	:	Landolt C: 5: L. Image: 81
277920	[116]	:	Landolt C: 9: S. Image: 81
278736	[816]	:	Landolt C: 7: R. Image: 81
279552	[816]	:	Landolt C: 9: S. Image: 81
280367	[815]	:	Landolt C: 7: R. Image: 81
280717	[350]	:	Preparing image number : 082
280835	[118]	:	Landolt C: 7: R. Image: 82
281183	[348]	:	Landolt C: 9: S. Image: 82
281999	[816]	:	Landolt C: 7: R. Image: 82
282815	[816]	:	Landolt C: 9: S. Image: 82
283630	[815]	:	Landolt C: 5: L. Image: 82
283631	[1]	:	Preparing image number : 083
283750	[119]	:	Landolt C: 5: L. Image: 83
284331	[581]	:	Landolt C: 9: S. Image: 83
285145	[814]	:	Landolt C: 7: R. Image: 83
285946	[801]	:	Landolt C: 9: S. Image: 83
286645	[699]	:	Preparing image number : 084
286761	[116]	:	Landolt C: 7: R. Image: 84
287577	[816]	:	Landolt C: 9: S. Image: 84
288393	[816]	:	Landolt C: 7: R. Image: 84
289209	[816]	:	Landolt C: 9: S. Image: 84
289675	[466]	:	Preparing image number : 085
289791	[116]	:	Landolt C: 9: S. Image: 85
290025	[234]	:	Landolt C: 5: L. Image: 85
290724	[699]	:	Landolt C: 9: S. Image: 85
291539	[815]	:	Landolt C: 5: L. Image: 85
292355	[816]	:	Landolt C: 9: S. Image: 85
292705	[350]	:	Preparing image number : 086
292821	[116]	:	Landolt C: 9: S. Image: 86
293171	[350]	:	Landolt C: 5: L. Image: 86
293987	[816]	:	Landolt C: 9: S. Image: 86
294803	[816]	:	Landolt C: 5: L. Image: 86
295619	[816]	:	Landolt C: 9: S. Image: 86
295620	[1]	:	Preparing image number : 087
295735	[115]	:	Landolt C: 9: S. Image: 87
296318	[583]	:	Landolt C: 5: L. Image: 87
297134	[816]	:	Landolt C: 9: S. Image: 87
297949	[815]	:	Landolt C: 5: L. Image: 87
298648	[699]	:	Preparing image number : 088
298765	[117]	:	Landolt C: 9: S. Image: 88
299581	[816]	:	Landolt C: 7: R. Image: 88
300396	[815]	:	Landolt C: 9: S. Image: 88
301213	[817]	:	Landolt C: 7: R. Image: 88
301678	[465]	:	Preparing image number : 089
301795	[117]	:	Landolt C: 7: R. Image: 89
302029	[234]	:	Landolt C: 9: S. Image: 89
302728	[699]	:	Landolt C: 7: R. Image: 89
303528	[800]	:	Landolt C: 9: S. Image: 89
304343	[815]	:	Landolt C: 7: R. Image: 89
304693	[350]	:	Preparing image number : 090
304813	[120]	:	Landolt C: 7: R. Image: 90
305159	[346]	:	Landolt C: 9: S. Image: 90
305975	[816]	:	Landolt C: 7: R. Image: 90
306791	[816]	:	Landolt C: 9: S. Image: 90
307606	[815]	:	Landolt C: 5: L. Image: 90
307607	[1]	:	Preparing image number : 091
307724	[117]	:	Landolt C: 5: L. Image: 91
308422	[698]	:	Landolt C: 9: S. Image: 91
309121	[699]	:	Landolt C: 7: R. Image: 91
309937	[816]	:	Landolt C: 9: S. Image: 91
310636	[699]	:	Preparing image number : 092
310753	[117]	:	Landolt C: 5: L. Image: 92
311569	[816]	:	Landolt C: 9: S. Image: 92
312385	[816]	:	Landolt C: 5: L. Image: 92
313201	[816]	:	Landolt C: 9: S. Image: 92
313666	[465]	:	Preparing image number : 093
313783	[117]	:	Landolt C: 9: S. Image: 93
314016	[233]	:	Landolt C: 7: R. Image: 93
314715	[699]	:	Landolt C: 9: S. Image: 93
315531	[816]	:	Landolt C: 5: L. Image: 93
316347	[816]	:	Landolt C: 9: S. Image: 93
316696	[349]	:	Preparing image number : 094
316815	[119]	:	Landolt C: 9: S. Image: 94
317162	[347]	:	Landolt C: 7: R. Image: 94
317978	[816]	:	Landolt C: 9: S. Image: 94
318794	[816]	:	Landolt C: 5: L. Image: 94
319610	[816]	:	Landolt C: 9: S. Image: 94
319612	[2]	:	Preparing image number : 095
319729	[117]	:	Landolt C: 9: S. Image: 95
320426	[697]	:	Landolt C: 5: L. Image: 95
321126	[700]	:	Landolt C: 9: S. Image: 95
321941	[815]	:	Landolt C: 5: L. Image: 95
322640	[699]	:	Preparing image number : 096
322757	[117]	:	Landolt C: 9: S. Image: 96
323573	[816]	:	Landolt C: 7: R. Image: 96
324389	[816]	:	Landolt C: 9: S. Image: 96
325205	[816]	:	Landolt C: 5: L. Image: 96
325670	[465]	:	Preparing image number : 097
325789	[119]	:	Landolt C: 5: L. Image: 97
326021	[232]	:	Landolt C: 9: S. Image: 97
326720	[699]	:	Landolt C: 5: L. Image: 97
327536	[816]	:	Landolt C: 9: S. Image: 97
328368	[832]	:	Landolt C: 7: R. Image: 97
328601	[233]	:	Preparing image number : 098
328718	[117]	:	Landolt C: 7: R. Image: 98
329184	[466]	:	Landolt C: 9: S. Image: 98
329999	[815]	:	Landolt C: 7: R. Image: 98
330815	[816]	:	Landolt C: 9: S. Image: 98
331632	[817]	:	Landolt C: 7: R. Image: 98
331633	[1]	:	Preparing image number : 099
331747	[114]	:	Landolt C: 7: R. Image: 99
332331	[584]	:	Landolt C: 9: S. Image: 99
333146	[815]	:	Landolt C: 5: L. Image: 99
333962	[816]	:	Landolt C: 9: S. Image: 99
334661	[699]	:	Preparing image number : 100
334780	[119]	:	Landolt C: 7: R. Image: 100
335593	[813]	:	Landolt C: 9: S. Image: 100
336409	[816]	:	Landolt C: 7: R. Image: 100
337225	[816]	:	Landolt C: 9: S. Image: 100
337925	[700]	:	Landolt C: 7: R. background
338724	[799]	:	Landolt C: 9: S. background
339540	[816]	:	Landolt C: 5: L. background
340356	[816]	:	Landolt C: 9: S. background
341172	[816]	:	Landolt C: 5: L. background
341987	[815]	:	Landolt C: 9: S. background
342803	[816]	:	Landolt C: 5: L. background
343619	[816]	:	Landolt C: 9: S. background
344318	[699]	:	Landolt C: 5: L. background
345134	[816]	:	Landolt C: 9: S. background
345950	[816]	:	Landolt C: 5: L. background
346765	[815]	:	Landolt C: 9: S. background
347581	[816]	:	Landolt C: 5: L. background
348397	[816]	:	Landolt C: 9: S. background
349213	[816]	:	Landolt C: 7: R. background
350028	[815]	:	Landolt C: 9: S. background
350728	[700]	:	Landolt C: 5: L. background
351543	[815]	:	Landolt C: 9: S. background
352359	[816]	:	Landolt C: 5: L. background
352720	[361]	:	COGENT STOP
